SF:lib/repositories/main_repository.dart
DA:10,2
DA:14,6
DA:16,2
DA:17,4
DA:19,2
DA:20,3
DA:23,1
DA:24,1
LF:8
LH:8
end_of_record
SF:lib/models/phrase_model.dart
DA:5,0
DA:7,1
DA:8,2
DA:9,2
DA:13,0
DA:14,0
DA:15,0
DA:16,0
LF:8
LH:3
end_of_record
SF:lib/main.dart
DA:19,0
DA:20,0
DA:21,0
DA:22,0
DA:28,0
DA:30,0
DA:31,0
DA:33,0
DA:34,0
DA:43,1
DA:44,1
DA:49,1
DA:50,1
DA:64,0
DA:65,0
DA:66,0
DA:67,0
DA:68,0
DA:70,0
DA:73,1
DA:74,5
DA:75,1
DA:76,0
DA:79,0
DA:82,1
DA:84,0
DA:86,2
DA:87,1
DA:88,2
DA:90,0
DA:91,0
DA:92,0
DA:94,0
DA:100,0
DA:101,0
DA:102,0
DA:103,0
DA:107,1
DA:109,1
DA:110,1
DA:111,4
DA:112,1
DA:116,1
DA:118,2
DA:119,1
DA:120,1
DA:121,1
DA:124,2
DA:126,1
DA:127,1
DA:128,2
DA:129,1
DA:130,1
DA:131,1
DA:132,1
DA:133,1
DA:134,1
DA:135,2
DA:136,1
DA:137,1
DA:139,1
DA:140,1
DA:141,1
DA:142,1
DA:149,1
DA:150,1
DA:151,4
DA:152,1
DA:153,1
DA:154,1
DA:158,1
DA:160,1
DA:161,1
DA:162,2
DA:165,0
DA:166,0
DA:167,0
DA:168,0
DA:169,0
DA:170,0
DA:171,0
DA:173,0
DA:174,0
DA:179,1
DA:180,1
DA:181,1
DA:182,2
DA:183,1
DA:184,1
DA:187,1
DA:188,2
DA:189,0
DA:190,0
DA:191,0
DA:192,0
DA:196,1
DA:198,1
DA:206,1
DA:207,2
DA:208,1
DA:210,1
DA:212,2
LF:102
LH:63
end_of_record
SF:lib/controllers/main_controller.dart
DA:7,4
LF:1
LH:1
end_of_record
SF:lib/utils/size_config.dart
DA:5,1
DA:7,0
DA:8,0
DA:10,1
DA:14,1
DA:16,0
DA:18,1
DA:20,0
DA:27,1
DA:28,3
DA:29,1
DA:34,1
DA:35,3
DA:36,1
LF:14
LH:10
end_of_record
SF:lib/utils/theme_manager.dart
DA:32,0
DA:34,1
DA:35,3
DA:38,1
DA:39,2
DA:42,0
DA:44,1
DA:48,0
DA:49,0
DA:50,0
DA:51,0
DA:54,0
DA:55,0
DA:56,0
DA:57,0
DA:60,1
DA:61,2
DA:62,1
DA:64,0
LF:19
LH:8
end_of_record
SF:lib/utils/store_manager.dart
DA:4,0
DA:5,0
DA:6,0
DA:7,0
DA:8,0
DA:9,0
DA:10,0
DA:11,0
DA:17,1
DA:18,2
DA:19,1
DA:23,0
DA:24,0
DA:25,0
LF:14
LH:3
end_of_record
